
sfs_init()
    conn:
    proto_major = 7
    proto_minor = 22
    async_read = 1
    max_write = 131072
    max_readahead = 131072
    capable = 00000ffb
    want = 00000010
    context:
    fuse = 00dde520
    uid = 0
    gid = 0
    pid = 0
    private_data = 00dde010
    logfile = 00dde030
    diskfile = /ilab/users/osb5/os/Project_3/assignment3/testfsfile
    umask = 00000

sfs_getattr(path="/bbb.b", statbuf=0x19b32c40)

sfs_open(path"/bbb.b", fi=0x1a333cf0)

sfs_write(path="/bbb.b", buf=0x1af23060, size=12, offset=0, fi=0x19b32d70)

sfs_release(path="/bbb.b", fi=0x1a333cf0)

sfs_getattr(path="/bbb.b", statbuf=0x19b32c40)

sfs_open(path"/bbb.b", fi=0x1a333cf0)

sfs_write(path="/bbb.b", buf=0x0c000af0, size=4096, offset=0, fi=0x19b32cf0)

sfs_release(path="/bbb.b", fi=0x1a333cf0)

sfs_getattr(path="/bbb.b", statbuf=0x19b32c40)

sfs_open(path"/bbb.b", fi=0x1a333cf0)

sfs_write(path="/bbb.b", buf=0x1af23060, size=12, offset=0, fi=0x19b32d70)

sfs_release(path="/bbb.b", fi=0x1a333cf0)

sfs_getattr(path="/bbb.b", statbuf=0x19b32c40)

sfs_open(path"/bbb.b", fi=0x1a333cf0)

sfs_write(path="/bbb.b", buf=0x0c000af0, size=4096, offset=0, fi=0x19b32cf0)

sfs_release(path="/bbb.b", fi=0x1a333cf0)

sfs_getattr(path="/", statbuf=0x19b32c10)

sfs_opendir(path="/", fi=0x1a333c30)

sfs_getattr(path="/file.b", statbuf=0x1a333c40)

sfs_getattr(path="/bbb.b", statbuf=0x19b32c40)

sfs_getattr(path="/file.b", statbuf=0x19b32c40)

sfs_open(path"/file.b", fi=0x1a333cf0)

sfs_write(path="/file.b", buf=0x0c000af0, size=4096, offset=0, fi=0x19b32cf0)

sfs_getattr(path="/file.b", statbuf=0x1a333c10)

sfs_write(path="/file.b", buf=0x0c000af0, size=4096, offset=32768, fi=0x19b32cf0)

sfs_release(path="/file.b", fi=0x1a333cf0)

sfs_getattr(path="/bbb.b", statbuf=0x19b32c40)

sfs_open(path"/bbb.b", fi=0x1a333cf0)

sfs_write(path="/bbb.b", buf=0x0c000af0, size=4096, offset=0, fi=0x19b32cf0)

sfs_getattr(path="/bbb.b", statbuf=0x1a333c10)

sfs_write(path="/bbb.b", buf=0x0c000af0, size=4096, offset=32768, fi=0x19b32cf0)

sfs_release(path="/bbb.b", fi=0x1a333cf0)

sfs_getattr(path="/", statbuf=0x19b32c10)
